# JRE version: OpenJDK Runtime Environment Temurin-21.0.7+6 (21.0.7+6) (build 21.0.7+6-LTS)
# Java VM: OpenJDK 64-Bit Server VM Temurin-21.0.7+6 (21.0.7+6-LTS, mixed mode, sharing, tiered, compressed oops, compressed class ptrs, parallel gc, windows-amd64)
GC Precious Log:
 CardTable entry size: 512
 CPUs: 16 total, 16 available
 Memory: 14020M
 Large Page Support: Disabled
 NUMA Support: Disabled
 Compressed Oops: Enabled (32-bit)
 Alignments: Space 512K, Generation 512K, Heap 2M
 Heap Min Capacity: 100M
 Heap Initial Capacity: 100M
 Heap Max Capacity: 1G
 Pre-touch: Disabled
 Parallel Workers: 13
Heap:
 PSYoungGen      total 3584K, used 2681K [0x00000000eab00000, 0x00000000eaf80000, 0x0000000100000000)
  eden space 2560K, 75% used [0x00000000eab00000,0x00000000eace0ec8,0x00000000ead80000)
  from space 1024K, 78% used [0x00000000ead80000,0x00000000eae4a110,0x00000000eae80000)
  to   space 1024K, 0% used [0x00000000eae80000,0x00000000eae80000,0x00000000eaf80000)
 ParOldGen       total 182784K, used 182527K [0x00000000c0000000, 0x00000000cb280000, 0x00000000eab00000)
  object space 182784K, 99% used [0x00000000c0000000,0x00000000cb23fe68,0x00000000cb280000)
 Metaspace       used 60635K, committed 62016K, reserved 1114112K
  class space    used 6875K, committed 7488K, reserved 1048576K
GC Heap History (20 events):
Event: 14.577 GC heap before
{Heap before GC invocations=171 (full 3):
 PSYoungGen      total 3584K, used 3360K [0x00000000eab00000, 0x00000000eaf80000, 0x0000000100000000)
  eden space 2560K, 100% used [0x00000000eab00000,0x00000000ead80000,0x00000000ead80000)
  from space 1024K, 78% used [0x00000000ead80000,0x00000000eae48170,0x00000000eae80000)
  to   space 1024K, 0% used [0x00000000eae80000,0x00000000eae80000,0x00000000eaf80000)
 ParOldGen       total 174592K, used 174520K [0x00000000c0000000, 0x00000000caa80000, 0x00000000eab00000)
  object space 174592K, 99% used [0x00000000c0000000,0x00000000caa6e1c0,0x00000000caa80000)
 Metaspace       used 60635K, committed 62016K, reserved 1114112K
  class space    used 6875K, committed 7488K, reserved 1048576K
}
Event: 14.578 GC heap after
{Heap after GC invocations=171 (full 3):
 PSYoungGen      total 3584K, used 789K [0x00000000eab00000, 0x00000000eaf80000, 0x0000000100000000)
  eden space 2560K, 0% used [0x00000000eab00000,0x00000000eab00000,0x00000000ead80000)
  from space 1024K, 77% used [0x00000000eae80000,0x00000000eaf45558,0x00000000eaf80000)
  to   space 1024K, 0% used [0x00000000ead80000,0x00000000ead80000,0x00000000eae80000)
 ParOldGen       total 175616K, used 175181K [0x00000000c0000000, 0x00000000cab80000, 0x00000000eab00000)
  object space 175616K, 99% used [0x00000000c0000000,0x00000000cab134d8,0x00000000cab80000)
 Metaspace       used 60635K, committed 62016K, reserved 1114112K
  class space    used 6875K, committed 7488K, reserved 1048576K
}
Event: 14.597 GC heap before
{Heap before GC invocations=172 (full 3):
 PSYoungGen      total 3584K, used 3349K [0x00000000eab00000, 0x00000000eaf80000, 0x0000000100000000)
  eden space 2560K, 100% used [0x00000000eab00000,0x00000000ead80000,0x00000000ead80000)
  from space 1024K, 77% used [0x00000000eae80000,0x00000000eaf45558,0x00000000eaf80000)
  to   space 1024K, 0% used [0x00000000ead80000,0x00000000ead80000,0x00000000eae80000)
 ParOldGen       total 175616K, used 175181K [0x00000000c0000000, 0x00000000cab80000, 0x00000000eab00000)
  object space 175616K, 99% used [0x00000000c0000000,0x00000000cab134d8,0x00000000cab80000)
 Metaspace       used 60635K, committed 62016K, reserved 1114112K
  class space    used 6875K, committed 7488K, reserved 1048576K
}
Event: 14.599 GC heap after
{Heap after GC invocations=172 (full 3):
 PSYoungGen      total 3584K, used 875K [0x00000000eab00000, 0x00000000eaf80000, 0x0000000100000000)
  eden space 2560K, 0% used [0x00000000eab00000,0x00000000eab00000,0x00000000ead80000)
  from space 1024K, 85% used [0x00000000ead80000,0x00000000eae5ad88,0x00000000eae80000)
  to   space 1024K, 0% used [0x00000000eae80000,0x00000000eae80000,0x00000000eaf80000)
 ParOldGen       total 176128K, used 175823K [0x00000000c0000000, 0x00000000cac00000, 0x00000000eab00000)
  object space 176128K, 99% used [0x00000000c0000000,0x00000000cabb3e88,0x00000000cac00000)
 Metaspace       used 60635K, committed 62016K, reserved 1114112K
  class space    used 6875K, committed 7488K, reserved 1048576K
}
Event: 14.617 GC heap before
{Heap before GC invocations=173 (full 3):
 PSYoungGen      total 3584K, used 3435K [0x00000000eab00000, 0x00000000eaf80000, 0x0000000100000000)
  eden space 2560K, 99% used [0x00000000eab00000,0x00000000ead7fff0,0x00000000ead80000)
  from space 1024K, 85% used [0x00000000ead80000,0x00000000eae5ad88,0x00000000eae80000)
  to   space 1024K, 0% used [0x00000000eae80000,0x00000000eae80000,0x00000000eaf80000)
 ParOldGen       total 176128K, used 175823K [0x00000000c0000000, 0x00000000cac00000, 0x00000000eab00000)
  object space 176128K, 99% used [0x00000000c0000000,0x00000000cabb3e88,0x00000000cac00000)
 Metaspace       used 60635K, committed 62016K, reserved 1114112K
  class space    used 6875K, committed 7488K, reserved 1048576K
}
Event: 14.619 GC heap after
{Heap after GC invocations=173 (full 3):
 PSYoungGen      total 3584K, used 931K [0x00000000eab00000, 0x00000000eaf80000, 0x0000000100000000)
  eden space 2560K, 0% used [0x00000000eab00000,0x00000000eab00000,0x00000000ead80000)
  from space 1024K, 91% used [0x00000000eae80000,0x00000000eaf68fe0,0x00000000eaf80000)
  to   space 1024K, 0% used [0x00000000ead80000,0x00000000ead80000,0x00000000eae80000)
 ParOldGen       total 176640K, used 176536K [0x00000000c0000000, 0x00000000cac80000, 0x00000000eab00000)
  object space 176640K, 99% used [0x00000000c0000000,0x00000000cac662a8,0x00000000cac80000)
 Metaspace       used 60635K, committed 62016K, reserved 1114112K
  class space    used 6875K, committed 7488K, reserved 1048576K
}
Event: 14.636 GC heap before
{Heap before GC invocations=174 (full 3):
 PSYoungGen      total 3584K, used 3488K [0x00000000eab00000, 0x00000000eaf80000, 0x0000000100000000)
  eden space 2560K, 99% used [0x00000000eab00000,0x00000000ead7f0b0,0x00000000ead80000)
  from space 1024K, 91% used [0x00000000eae80000,0x00000000eaf68fe0,0x00000000eaf80000)
  to   space 1024K, 0% used [0x00000000ead80000,0x00000000ead80000,0x00000000eae80000)
 ParOldGen       total 176640K, used 176536K [0x00000000c0000000, 0x00000000cac80000, 0x00000000eab00000)
  object space 176640K, 99% used [0x00000000c0000000,0x00000000cac662a8,0x00000000cac80000)
 Metaspace       used 60635K, committed 62016K, reserved 1114112K
  class space    used 6875K, committed 7488K, reserved 1048576K
}
Event: 14.637 GC heap after
{Heap after GC invocations=174 (full 3):
 PSYoungGen      total 3584K, used 850K [0x00000000eab00000, 0x00000000eaf80000, 0x0000000100000000)
  eden space 2560K, 0% used [0x00000000eab00000,0x00000000eab00000,0x00000000ead80000)
  from space 1024K, 83% used [0x00000000ead80000,0x00000000eae548e8,0x00000000eae80000)
  to   space 1024K, 0% used [0x00000000eae80000,0x00000000eae80000,0x00000000eaf80000)
 ParOldGen       total 177664K, used 177244K [0x00000000c0000000, 0x00000000cad80000, 0x00000000eab00000)
  object space 177664K, 99% used [0x00000000c0000000,0x00000000cad17118,0x00000000cad80000)
 Metaspace       used 60635K, committed 62016K, reserved 1114112K
  class space    used 6875K, committed 7488K, reserved 1048576K
}
Event: 14.663 GC heap before
{Heap before GC invocations=175 (full 3):
 PSYoungGen      total 3584K, used 3410K [0x00000000eab00000, 0x00000000eaf80000, 0x0000000100000000)
  eden space 2560K, 100% used [0x00000000eab00000,0x00000000ead80000,0x00000000ead80000)
  from space 1024K, 83% used [0x00000000ead80000,0x00000000eae548e8,0x00000000eae80000)
  to   space 1024K, 0% used [0x00000000eae80000,0x00000000eae80000,0x00000000eaf80000)
 ParOldGen       total 177664K, used 177244K [0x00000000c0000000, 0x00000000cad80000, 0x00000000eab00000)
  object space 177664K, 99% used [0x00000000c0000000,0x00000000cad17118,0x00000000cad80000)
 Metaspace       used 60635K, committed 62016K, reserved 1114112K
  class space    used 6875K, committed 7488K, reserved 1048576K
}
Event: 14.664 GC heap after
{Heap after GC invocations=175 (full 3):
 PSYoungGen      total 3584K, used 854K [0x00000000eab00000, 0x00000000eaf80000, 0x0000000100000000)
  eden space 2560K, 0% used [0x00000000eab00000,0x00000000eab00000,0x00000000ead80000)
  from space 1024K, 83% used [0x00000000eae80000,0x00000000eaf558d0,0x00000000eaf80000)
  to   space 1024K, 0% used [0x00000000ead80000,0x00000000ead80000,0x00000000eae80000)
 ParOldGen       total 178176K, used 177900K [0x00000000c0000000, 0x00000000cae00000, 0x00000000eab00000)
  object space 178176K, 99% used [0x00000000c0000000,0x00000000cadbb300,0x00000000cae00000)
 Metaspace       used 60635K, committed 62016K, reserved 1114112K
  class space    used 6875K, committed 7488K, reserved 1048576K
}
Event: 14.703 GC heap before
{Heap before GC invocations=176 (full 3):
 PSYoungGen      total 3584K, used 3414K [0x00000000eab00000, 0x00000000eaf80000, 0x0000000100000000)
  eden space 2560K, 99% used [0x00000000eab00000,0x00000000ead7fff0,0x00000000ead80000)
  from space 1024K, 83% used [0x00000000eae80000,0x00000000eaf558d0,0x00000000eaf80000)
  to   space 1024K, 0% used [0x00000000ead80000,0x00000000ead80000,0x00000000eae80000)
 ParOldGen       total 178176K, used 177900K [0x00000000c0000000, 0x00000000cae00000, 0x00000000eab00000)
  object space 178176K, 99% used [0x00000000c0000000,0x00000000cadbb300,0x00000000cae00000)
 Metaspace       used 60635K, committed 62016K, reserved 1114112K
  class space    used 6875K, committed 7488K, reserved 1048576K
}
Event: 14.705 GC heap after
{Heap after GC invocations=176 (full 3):
 PSYoungGen      total 3584K, used 827K [0x00000000eab00000, 0x00000000eaf80000, 0x0000000100000000)
  eden space 2560K, 0% used [0x00000000eab00000,0x00000000eab00000,0x00000000ead80000)
  from space 1024K, 80% used [0x00000000ead80000,0x00000000eae4edd0,0x00000000eae80000)
  to   space 1024K, 0% used [0x00000000eae80000,0x00000000eae80000,0x00000000eaf80000)
 ParOldGen       total 178688K, used 178626K [0x00000000c0000000, 0x00000000cae80000, 0x00000000eab00000)
  object space 178688K, 99% used [0x00000000c0000000,0x00000000cae70888,0x00000000cae80000)
 Metaspace       used 60635K, committed 62016K, reserved 1114112K
  class space    used 6875K, committed 7488K, reserved 1048576K
}
Event: 14.725 GC heap before
{Heap before GC invocations=177 (full 3):
 PSYoungGen      total 3584K, used 3387K [0x00000000eab00000, 0x00000000eaf80000, 0x0000000100000000)
  eden space 2560K, 100% used [0x00000000eab00000,0x00000000ead80000,0x00000000ead80000)
  from space 1024K, 80% used [0x00000000ead80000,0x00000000eae4edd0,0x00000000eae80000)
  to   space 1024K, 0% used [0x00000000eae80000,0x00000000eae80000,0x00000000eaf80000)
 ParOldGen       total 178688K, used 178626K [0x00000000c0000000, 0x00000000cae80000, 0x00000000eab00000)
  object space 178688K, 99% used [0x00000000c0000000,0x00000000cae70888,0x00000000cae80000)
 Metaspace       used 60635K, committed 62016K, reserved 1114112K
  class space    used 6875K, committed 7488K, reserved 1048576K
}
Event: 14.726 GC heap after
{Heap after GC invocations=177 (full 3):
 PSYoungGen      total 3584K, used 827K [0x00000000eab00000, 0x00000000eaf80000, 0x0000000100000000)
  eden space 2560K, 0% used [0x00000000eab00000,0x00000000eab00000,0x00000000ead80000)
  from space 1024K, 80% used [0x00000000eae80000,0x00000000eaf4ed98,0x00000000eaf80000)
  to   space 1024K, 0% used [0x00000000ead80000,0x00000000ead80000,0x00000000eae80000)
 ParOldGen       total 179712K, used 179272K [0x00000000c0000000, 0x00000000caf80000, 0x00000000eab00000)
  object space 179712K, 99% used [0x00000000c0000000,0x00000000caf12008,0x00000000caf80000)
 Metaspace       used 60635K, committed 62016K, reserved 1114112K
  class space    used 6875K, committed 7488K, reserved 1048576K
}
Event: 14.758 GC heap before
{Heap before GC invocations=178 (full 3):
 PSYoungGen      total 3584K, used 3387K [0x00000000eab00000, 0x00000000eaf80000, 0x0000000100000000)
  eden space 2560K, 99% used [0x00000000eab00000,0x00000000ead7ffc0,0x00000000ead80000)
  from space 1024K, 80% used [0x00000000eae80000,0x00000000eaf4ed98,0x00000000eaf80000)
  to   space 1024K, 0% used [0x00000000ead80000,0x00000000ead80000,0x00000000eae80000)
 ParOldGen       total 179712K, used 179272K [0x00000000c0000000, 0x00000000caf80000, 0x00000000eab00000)
  object space 179712K, 99% used [0x00000000c0000000,0x00000000caf12008,0x00000000caf80000)
 Metaspace       used 60635K, committed 62016K, reserved 1114112K
  class space    used 6875K, committed 7488K, reserved 1048576K
}
Event: 14.759 GC heap after
{Heap after GC invocations=178 (full 3):
 PSYoungGen      total 3584K, used 781K [0x00000000eab00000, 0x00000000eaf80000, 0x0000000100000000)
  eden space 2560K, 0% used [0x00000000eab00000,0x00000000eab00000,0x00000000ead80000)
  from space 1024K, 76% used [0x00000000ead80000,0x00000000eae436a8,0x00000000eae80000)
  to   space 1024K, 0% used [0x00000000eae80000,0x00000000eae80000,0x00000000eaf80000)
 ParOldGen       total 180224K, used 179907K [0x00000000c0000000, 0x00000000cb000000, 0x00000000eab00000)
  object space 180224K, 99% used [0x00000000c0000000,0x00000000cafb0cd8,0x00000000cb000000)
 Metaspace       used 60635K, committed 62016K, reserved 1114112K
  class space    used 6875K, committed 7488K, reserved 1048576K
}
Event: 14.778 GC heap before
{Heap before GC invocations=179 (full 3):
 PSYoungGen      total 3584K, used 3318K [0x00000000eab00000, 0x00000000eaf80000, 0x0000000100000000)
  eden space 2560K, 99% used [0x00000000eab00000,0x00000000ead7a288,0x00000000ead80000)
  from space 1024K, 76% used [0x00000000ead80000,0x00000000eae436a8,0x00000000eae80000)
  to   space 1024K, 0% used [0x00000000eae80000,0x00000000eae80000,0x00000000eaf80000)
 ParOldGen       total 180224K, used 179907K [0x00000000c0000000, 0x00000000cb000000, 0x00000000eab00000)
  object space 180224K, 99% used [0x00000000c0000000,0x00000000cafb0cd8,0x00000000cb000000)
 Metaspace       used 60635K, committed 62016K, reserved 1114112K
  class space    used 6875K, committed 7488K, reserved 1048576K
}
Event: 14.779 GC heap after
{Heap after GC invocations=179 (full 3):
 PSYoungGen      total 3584K, used 822K [0x00000000eab00000, 0x00000000eaf80000, 0x0000000100000000)
  eden space 2560K, 0% used [0x00000000eab00000,0x00000000eab00000,0x00000000ead80000)
  from space 1024K, 80% used [0x00000000eae80000,0x00000000eaf4d8e0,0x00000000eaf80000)
  to   space 1024K, 0% used [0x00000000ead80000,0x00000000ead80000,0x00000000eae80000)
 ParOldGen       total 180736K, used 180535K [0x00000000c0000000, 0x00000000cb080000, 0x00000000eab00000)
  object space 180736K, 99% used [0x00000000c0000000,0x00000000cb04dd28,0x00000000cb080000)
 Metaspace       used 60635K, committed 62016K, reserved 1114112K
  class space    used 6875K, committed 7488K, reserved 1048576K
}
Event: 14.810 GC heap before
{Heap before GC invocations=180 (full 3):
 PSYoungGen      total 3584K, used 3382K [0x00000000eab00000, 0x00000000eaf80000, 0x0000000100000000)
  eden space 2560K, 100% used [0x00000000eab00000,0x00000000ead80000,0x00000000ead80000)
  from space 1024K, 80% used [0x00000000eae80000,0x00000000eaf4d8e0,0x00000000eaf80000)
  to   space 1024K, 0% used [0x00000000ead80000,0x00000000ead80000,0x00000000eae80000)
 ParOldGen       total 180736K, used 180535K [0x00000000c0000000, 0x00000000cb080000, 0x00000000eab00000)
  object space 180736K, 99% used [0x00000000c0000000,0x00000000cb04dd28,0x00000000cb080000)
 Metaspace       used 60635K, committed 62016K, reserved 1114112K
  class space    used 6875K, committed 7488K, reserved 1048576K
}
Event: 14.811 GC heap after
{Heap after GC invocations=180 (full 3):
 PSYoungGen      total 3584K, used 758K [0x00000000eab00000, 0x00000000eaf80000, 0x0000000100000000)
  eden space 2560K, 0% used [0x00000000eab00000,0x00000000eab00000,0x00000000ead80000)
  from space 1024K, 74% used [0x00000000ead80000,0x00000000eae3dae8,0x00000000eae80000)
  to   space 1024K, 0% used [0x00000000eae80000,0x00000000eae80000,0x00000000eaf80000)
 ParOldGen       total 181248K, used 181205K [0x00000000c0000000, 0x00000000cb100000, 0x00000000eab00000)
  object space 181248K, 99% used [0x00000000c0000000,0x00000000cb0f5660,0x00000000cb100000)
 Metaspace       used 60635K, committed 62016K, reserved 1114112K
  class space    used 6875K, committed 7488K, reserved 1048576K
}

